{
  "RSpec": {
    "coverage": {
      "/home/puckish-buffer-7858/tic-tac-toe-rb-ruby-intro-000/lib/tic_tac_toe.rb": [
        1,
        24,
        24,
        24,
        24,
        24,
        null,
        null,
        1,
        null,
        null,
        1,
        23,
        null,
        null,
        null,
        1,
        22,
        null,
        null,
        1,
        25,
        null,
        null,
        1,
        23,
        null,
        null,
        1,
        20,
        20,
        20,
        20,
        19,
        19,
        null,
        1,
        null,
        null,
        null,
        1,
        58,
        null,
        58,
        522,
        90,
        90,
        null,
        null,
        null,
        58,
        null,
        null,
        1,
        20,
        20,
        9,
        11,
        5,
        6,
        6,
        null,
        null,
        null,
        null,
        null,
        1,
        null,
        null,
        null,
        null,
        null,
        null,
        null,
        null,
        null,
        1,
        45,
        275,
        275,
        275,
        null,
        275,
        275,
        275,
        null,
        275,
        17,
        null,
        null,
        null,
        28,
        null,
        null,
        1,
        24,
        122,
        null,
        null,
        null,
        1,
        23,
        null,
        null,
        null,
        1,
        21,
        null,
        null,
        1,
        7,
        6,
        null,
        null,
        null,
        null,
        null,
        1,
        12,
        17,
        null,
        null,
        12,
        5,
        null,
        7,
        3,
        null,
        null
      ]
    },
    "timestamp": 1604762149
  }
}
